<?xml version="1.0" encoding="UTF-8"?>
<!-- Generated by org.testng.reporters.JUnitXMLReporter -->
<testsuite ignored="0" hostname="MSI" failures="0" tests="4" name="Default test" time="7.304" errors="0" timestamp="2025-08-13T10:05:36 IST">
  <testcase classname="api.test.UserTests" name="testPostUser" time="3.163"/>
  <testcase classname="api.test.UserTests" name="testGetUserByName" time="1.285"/>
  <testcase classname="api.test.UserTests" name="testUpdateUserByName" time="1.325"/>
  <testcase classname="api.test.UserTests" name="testDeleteUserByName" time="1.264"/>
</testsuite> <!-- Default test -->
