<?xml version="1.0" encoding="UTF-8"?>
<testng-results ignored="0" total="4" passed="4" failed="0" skipped="0">
  <reporter-output>
  </reporter-output>
  <suite started-at="2025-08-13T10:05:28 IST" name="Default suite" finished-at="2025-08-13T10:05:36 IST" duration-ms="7304">
    <groups>
    </groups>
    <test started-at="2025-08-13T10:05:28 IST" name="Default test" finished-at="2025-08-13T10:05:36 IST" duration-ms="7304">
      <class name="api.test.UserTests">
        <test-method is-config="true" signature="setupData()[pri:0, instance:api.test.UserTests@4afcd809]" started-at="2025-08-13T10:05:28 IST" name="setupData" finished-at="2025-08-13T10:05:29 IST" duration-ms="216" status="PASS">
          <reporter-output>
          </reporter-output>
        </test-method> <!-- setupData -->
        <test-method signature="testPostUser()[pri:1, instance:api.test.UserTests@4afcd809]" started-at="2025-08-13T10:05:29 IST" name="testPostUser" finished-at="2025-08-13T10:05:32 IST" duration-ms="3163" status="PASS">
          <reporter-output>
          </reporter-output>
        </test-method> <!-- testPostUser -->
        <test-method signature="testGetUserByName()[pri:2, instance:api.test.UserTests@4afcd809]" started-at="2025-08-13T10:05:32 IST" name="testGetUserByName" finished-at="2025-08-13T10:05:33 IST" duration-ms="1285" status="PASS">
          <reporter-output>
          </reporter-output>
        </test-method> <!-- testGetUserByName -->
        <test-method signature="testUpdateUserByName()[pri:3, instance:api.test.UserTests@4afcd809]" started-at="2025-08-13T10:05:33 IST" name="testUpdateUserByName" finished-at="2025-08-13T10:05:34 IST" duration-ms="1325" status="PASS">
          <reporter-output>
          </reporter-output>
        </test-method> <!-- testUpdateUserByName -->
        <test-method signature="testDeleteUserByName()[pri:4, instance:api.test.UserTests@4afcd809]" started-at="2025-08-13T10:05:34 IST" name="testDeleteUserByName" finished-at="2025-08-13T10:05:36 IST" duration-ms="1264" status="PASS">
          <reporter-output>
          </reporter-output>
        </test-method> <!-- testDeleteUserByName -->
      </class> <!-- api.test.UserTests -->
    </test> <!-- Default test -->
  </suite> <!-- Default suite -->
</testng-results>
